#
# There is insufficient memory for the Java Runtime Environment to continue.
# Native memory allocation (malloc) failed to allocate 1048576 bytes for AllocateHeap
# Possible reasons:
#   The system is out of physical RAM or swap space
#   The process is running with CompressedOops enabled, and the Java Heap may be blocking the growth of the native heap
# Possible solutions:
#   Reduce memory load on the system
#   Increase physical memory or swap space
#   Check if swap backing store is full
#   Decrease Java heap size (-Xmx/-Xms)
#   Decrease number of Java threads
#   Decrease Java thread stack sizes (-Xss)
#   Set larger code cache with -XX:ReservedCodeCacheSize=
#   JVM is running with Unscaled Compressed Oops mode in which the Java heap is
#     placed in the first 4GB address space. The Java Heap base address is the
#     maximum limit for the native heap growth. Please use -XX:HeapBaseMinAddress
#     to set the Java Heap base and to place the Java Heap above 4GB virtual address.
# This output file may be truncated or incomplete.
#
#  Out of Memory Error (memory/allocation.inline.hpp:61), pid=6824, tid=0x00000000000021d4
#
# JRE version:  (8.0_211-b12) (build )
# Java VM: Java HotSpot(TM) 64-Bit Server VM (25.211-b12 mixed mode windows-amd64 compressed oops)
# Failed to write core dump. Minidumps are not enabled by default on client versions of Windows
#

---------------  T H R E A D  ---------------

Current thread (0x000000000276e000):  JavaThread "Unknown thread" [_thread_in_vm, id=8660, stack(0x0000000002650000,0x0000000002750000)]

Stack: [0x0000000002650000,0x0000000002750000]
[error occurred during error reporting (printing stack bounds), id 0xc0000005]

Native frames: (J=compiled Java code, j=interpreted, Vv=VM code, C=native code)


---------------  P R O C E S S  ---------------

Java Threads: ( => current thread )

Other Threads:

=>0x000000000276e000 (exited) JavaThread "Unknown thread" [_thread_in_vm, id=8660, stack(0x0000000002650000,0x0000000002750000)]

VM state:not at safepoint (normal execution)

VM Mutex/Monitor currently owned by a thread: None

heap address: 0x00000000c1800000, size: 1000 MB, Compressed Oops mode: 32-bit
Narrow klass base: 0x0000000000000000, Narrow klass shift: 3
Compressed class space size: 1073741824 Address: 0x0000000100000000

Heap:
 PSYoungGen      total 18944K, used 327K [0x00000000eb300000, 0x00000000ec800000, 0x0000000100000000)
  eden space 16384K, 2% used [0x00000000eb300000,0x00000000eb351ec8,0x00000000ec300000)
  from space 2560K, 0% used [0x00000000ec580000,0x00000000ec580000,0x00000000ec800000)
  to   space 2560K, 0% used [0x00000000ec300000,0x00000000ec300000,0x00000000ec580000)
 ParOldGen       total 44032K, used 0K [0x00000000c1800000, 0x00000000c4300000, 0x00000000eb300000)
  object space 44032K, 0% used [0x00000000c1800000,0x00000000c1800000,0x00000000c4300000)
 Metaspace       used 775K, capacity 4480K, committed 4480K, reserved 1056768K
  class space    used 76K, capacity 384K, committed 384K, reserved 1048576K

Card table byte_map: [0x0000000011c30000,0x0000000011e30000] byte_map_base: 0x0000000011624000

Marking Bits: (ParMarkBitMap*) 0x000000005a885ce0
 Begin Bits: [0x0000000012780000, 0x0000000013720000)
 End Bits:   [0x0000000013720000, 0x00000000146c0000)

Polling page: 0x0000000000940000

CodeCache: size=245760Kb used=328Kb max_used=328Kb free=245431Kb
 bounds [0x0000000002870000, 0x0000000002ae0000, 0x0000000011870000]
 total_blobs=58 nmethods=0 adapters=38
 compilation: enabled

Compilation events (0 events):
No events

GC Heap History (0 events):
No events

Deoptimization events (0 events):
No events

Classes redefined (0 events):
No events

Internal exceptions (0 events):
No events

Events (10 events):
Event: 0.019 loading class java/lang/Short
Event: 0.019 loading class java/lang/Short done
Event: 0.019 loading class java/lang/Integer
Event: 0.019 loading class java/lang/Integer done
Event: 0.019 loading class java/lang/Long
Event: 0.019 loading class java/lang/Long done
Event: 0.020 loading class java/lang/NullPointerException
Event: 0.020 loading class java/lang/NullPointerException done
Event: 0.020 loading class java/lang/ArithmeticException
Event: 0.020 loading class java/lang/ArithmeticException done


Dynamic libraries:
0x00007ff693030000 - 0x00007ff693067000 	C:\Program Files\Java\jdk1.8.0_211\bin\java.exe
0x00007ffeb4d70000 - 0x00007ffeb4f5d000 	C:\Windows\SYSTEM32\ntdll.dll
0x00007ffeb1ff0000 - 0x00007ffeb20a3000 	C:\Windows\System32\KERNEL32.DLL
0x00007ffeb0f60000 - 0x00007ffeb11f5000 	C:\Windows\System32\KERNELBASE.dll
0x00007ffeb4540000 - 0x00007ffeb45e3000 	C:\Windows\System32\ADVAPI32.dll
0x00007ffeb21b0000 - 0x00007ffeb224e000 	C:\Windows\System32\msvcrt.dll
0x00007ffeb20b0000 - 0x00007ffeb214e000 	C:\Windows\System32\sechost.dll
0x00007ffeb46a0000 - 0x00007ffeb47c2000 	C:\Windows\System32\RPCRT4.dll
0x00007ffeb2250000 - 0x00007ffeb23e7000 	C:\Windows\System32\USER32.dll
0x00007ffeb0e20000 - 0x00007ffeb0e40000 	C:\Windows\System32\win32u.dll
0x00007ffeb2640000 - 0x00007ffeb2669000 	C:\Windows\System32\GDI32.dll
0x00007ffeb1df0000 - 0x00007ffeb1f8b000 	C:\Windows\System32\gdi32full.dll
0x00007ffeb1200000 - 0x00007ffeb12a0000 	C:\Windows\System32\msvcp_win.dll
0x00007ffeb0e40000 - 0x00007ffeb0f3a000 	C:\Windows\System32\ucrtbase.dll
0x00007ffe9e290000 - 0x00007ffe9e509000 	C:\Windows\WinSxS\amd64_microsoft.windows.common-controls_6595b64144ccf1df_6.0.17763.1339_none_de7015e4534c7114\COMCTL32.dll
0x00007ffeb4a10000 - 0x00007ffeb4d3c000 	C:\Windows\System32\combase.dll
0x00007ffeb1cf0000 - 0x00007ffeb1d6e000 	C:\Windows\System32\bcryptPrimitives.dll
0x00007ffeb4460000 - 0x00007ffeb448e000 	C:\Windows\System32\IMM32.DLL
0x0000000059f80000 - 0x000000005a052000 	C:\Program Files\Java\jdk1.8.0_211\jre\bin\msvcr100.dll
0x000000005a060000 - 0x000000005a905000 	C:\Program Files\Java\jdk1.8.0_211\jre\bin\server\jvm.dll
0x00007ffeb2630000 - 0x00007ffeb2638000 	C:\Windows\System32\PSAPI.DLL
0x00007ffeae630000 - 0x00007ffeae654000 	C:\Windows\SYSTEM32\WINMM.dll
0x00007ffe9cf70000 - 0x00007ffe9cf79000 	C:\Windows\SYSTEM32\WSOCK32.dll
0x00007ffeab180000 - 0x00007ffeab18a000 	C:\Windows\SYSTEM32\VERSION.dll
0x00007ffeb47d0000 - 0x00007ffeb483d000 	C:\Windows\System32\WS2_32.dll
0x00007ffeae430000 - 0x00007ffeae45d000 	C:\Windows\SYSTEM32\winmmbase.dll
0x00007ffeb1d70000 - 0x00007ffeb1dba000 	C:\Windows\System32\cfgmgr32.dll
0x00007ffeaeb20000 - 0x00007ffeaeb2f000 	C:\Program Files\Java\jdk1.8.0_211\jre\bin\verify.dll
0x00007ffeac3c0000 - 0x00007ffeac3e9000 	C:\Program Files\Java\jdk1.8.0_211\jre\bin\java.dll
0x00007ffea5d70000 - 0x00007ffea5d86000 	C:\Program Files\Java\jdk1.8.0_211\jre\bin\zip.dll

VM Arguments:
jvm_args: -Dfile.encoding=UTF-8 
java_command: MDI.TrangChuQuanLy
java_class_path (initial): D:\DuAn\lib\sqljdbc4.jar;C:\Users\User\Documents\NetBeansProjects\DuAn1_QLBHDT\build\classes
Launcher Type: SUN_STANDARD

Environment Variables:
PATH=C:\Program Files (x86)\Common Files\Oracle\Java\javapath;C:\Windows\system32;C:\Windows;C:\Windows\System32\Wbem;C:\Windows\System32\WindowsPowerShell\v1.0\;C:\Windows\System32\OpenSSH\;C:\Program Files\Java\jdk1.8.0_211\bin;C:\Program Files\dotnet\;C:\Program Files\Microsoft SQL Server\Client SDK\ODBC\170\Tools\Binn\;C:\Program Files\Microsoft SQL Server\120\Tools\Binn\;C:\Program Files\Microsoft SQL Server\Client SDK\ODBC\110\Tools\Binn\;C:\Program Files (x86)\Microsoft SQL Server\120\Tools\Binn\;C:\Program Files\Microsoft SQL Server\120\DTS\Binn\;C:\Program Files (x86)\Microsoft SQL Server\120\Tools\Binn\ManagementStudio\;C:\Program Files (x86)\Microsoft SQL Server\120\DTS\Binn\;D:\node js\;C:\Program Files\Git\cmd;C:\Program Files\TortoiseGit\bin;C:\Program Files\MySQL\MySQL Shell 8.0\bin\;C:\Users\User\AppData\Local\Microsoft\WindowsApps;;C:\Users\User\AppData\Local\Programs\Microsoft VS Code\bin;C:\Users\User\AppData\Roaming\npm
USERNAME=User
OS=Windows_NT
PROCESSOR_IDENTIFIER=Intel64 Family 6 Model 142 Stepping 10, GenuineIntel



---------------  S Y S T E M  ---------------

OS: Windows 10.0 , 64 bit Build 17763 (10.0.17763.1339)

CPU:total 8 (initial active 8) (4 cores per cpu, 2 threads per core) family 6 model 142 stepping 10, cmov, cx8, fxsr, mmx, sse, sse2, sse3, ssse3, sse4.1, sse4.2, popcnt, avx, avx2, aes, clmul, erms, 3dnowpref, lzcnt, ht, tsc, tscinvbit, bmi1, bmi2, adx

Memory: 4k page, physical 4088444k(544540k free), swap 7234172k(4916k free)

vm_info: Java HotSpot(TM) 64-Bit Server VM (25.211-b12) for windows-amd64 JRE (1.8.0_211-b12), built on Apr  1 2019 20:53:26 by "java_re" with MS VC++ 10.0 (VS2010)

time: Sun Jul 26 11:18:09 2020
timezone: SE Asia Standard Time
elapsed time: 0 seconds (0d 0h 0m 0s)

